[2026-04-29T05:10:31.880+0000] {processor.py:186} INFO - Started process (PID=176) to work on /opt/airflow/dags/create_student_performance_mart.py
[2026-04-29T05:10:31.881+0000] {processor.py:914} INFO - Processing file /opt/airflow/dags/create_student_performance_mart.py for tasks to queue
[2026-04-29T05:10:31.885+0000] {logging_mixin.py:190} INFO - [2026-04-29T05:10:31.884+0000] {dagbag.py:588} INFO - Filling up the DagBag from /opt/airflow/dags/create_student_performance_mart.py
[2026-04-29T05:10:31.912+0000] {processor.py:925} INFO - DAG(s) 'create_student_performance_mart' retrieved from /opt/airflow/dags/create_student_performance_mart.py
[2026-04-29T05:10:31.950+0000] {logging_mixin.py:190} INFO - [2026-04-29T05:10:31.950+0000] {dag.py:3239} INFO - Sync 1 DAGs
[2026-04-29T05:10:31.971+0000] {logging_mixin.py:190} INFO - [2026-04-29T05:10:31.971+0000] {dag.py:4180} INFO - Setting next_dagrun for create_student_performance_mart to None, run_after=None
[2026-04-29T05:10:31.995+0000] {processor.py:208} INFO - Processing /opt/airflow/dags/create_student_performance_mart.py took 0.123 seconds
[2026-04-29T05:11:03.047+0000] {processor.py:186} INFO - Started process (PID=192) to work on /opt/airflow/dags/create_student_performance_mart.py
[2026-04-29T05:11:03.049+0000] {processor.py:914} INFO - Processing file /opt/airflow/dags/create_student_performance_mart.py for tasks to queue
[2026-04-29T05:11:03.055+0000] {logging_mixin.py:190} INFO - [2026-04-29T05:11:03.054+0000] {dagbag.py:588} INFO - Filling up the DagBag from /opt/airflow/dags/create_student_performance_mart.py
[2026-04-29T05:11:03.083+0000] {processor.py:925} INFO - DAG(s) 'create_student_performance_mart' retrieved from /opt/airflow/dags/create_student_performance_mart.py
[2026-04-29T05:11:03.140+0000] {logging_mixin.py:190} INFO - [2026-04-29T05:11:03.140+0000] {dag.py:3239} INFO - Sync 1 DAGs
[2026-04-29T05:11:03.165+0000] {logging_mixin.py:190} INFO - [2026-04-29T05:11:03.165+0000] {dag.py:4180} INFO - Setting next_dagrun for create_student_performance_mart to None, run_after=None
[2026-04-29T05:11:03.215+0000] {processor.py:208} INFO - Processing /opt/airflow/dags/create_student_performance_mart.py took 0.182 seconds
[2026-04-29T05:11:33.662+0000] {processor.py:186} INFO - Started process (PID=208) to work on /opt/airflow/dags/create_student_performance_mart.py
[2026-04-29T05:11:33.665+0000] {processor.py:914} INFO - Processing file /opt/airflow/dags/create_student_performance_mart.py for tasks to queue
[2026-04-29T05:11:33.670+0000] {logging_mixin.py:190} INFO - [2026-04-29T05:11:33.670+0000] {dagbag.py:588} INFO - Filling up the DagBag from /opt/airflow/dags/create_student_performance_mart.py
[2026-04-29T05:11:33.702+0000] {processor.py:925} INFO - DAG(s) 'create_student_performance_mart' retrieved from /opt/airflow/dags/create_student_performance_mart.py
[2026-04-29T05:11:33.758+0000] {logging_mixin.py:190} INFO - [2026-04-29T05:11:33.758+0000] {dag.py:3239} INFO - Sync 1 DAGs
[2026-04-29T05:11:33.783+0000] {logging_mixin.py:190} INFO - [2026-04-29T05:11:33.783+0000] {dag.py:4180} INFO - Setting next_dagrun for create_student_performance_mart to None, run_after=None
[2026-04-29T05:11:33.846+0000] {processor.py:208} INFO - Processing /opt/airflow/dags/create_student_performance_mart.py took 0.196 seconds
[2026-04-29T05:12:04.389+0000] {processor.py:186} INFO - Started process (PID=224) to work on /opt/airflow/dags/create_student_performance_mart.py
[2026-04-29T05:12:04.391+0000] {processor.py:914} INFO - Processing file /opt/airflow/dags/create_student_performance_mart.py for tasks to queue
[2026-04-29T05:12:04.394+0000] {logging_mixin.py:190} INFO - [2026-04-29T05:12:04.394+0000] {dagbag.py:588} INFO - Filling up the DagBag from /opt/airflow/dags/create_student_performance_mart.py
[2026-04-29T05:12:04.425+0000] {processor.py:925} INFO - DAG(s) 'create_student_performance_mart' retrieved from /opt/airflow/dags/create_student_performance_mart.py
[2026-04-29T05:12:04.466+0000] {logging_mixin.py:190} INFO - [2026-04-29T05:12:04.465+0000] {dag.py:3239} INFO - Sync 1 DAGs
[2026-04-29T05:12:04.484+0000] {logging_mixin.py:190} INFO - [2026-04-29T05:12:04.484+0000] {dag.py:4180} INFO - Setting next_dagrun for create_student_performance_mart to None, run_after=None
[2026-04-29T05:12:04.509+0000] {processor.py:208} INFO - Processing /opt/airflow/dags/create_student_performance_mart.py took 0.129 seconds
[2026-04-29T05:12:34.801+0000] {processor.py:186} INFO - Started process (PID=240) to work on /opt/airflow/dags/create_student_performance_mart.py
[2026-04-29T05:12:34.803+0000] {processor.py:914} INFO - Processing file /opt/airflow/dags/create_student_performance_mart.py for tasks to queue
[2026-04-29T05:12:34.807+0000] {logging_mixin.py:190} INFO - [2026-04-29T05:12:34.806+0000] {dagbag.py:588} INFO - Filling up the DagBag from /opt/airflow/dags/create_student_performance_mart.py
[2026-04-29T05:12:34.839+0000] {processor.py:925} INFO - DAG(s) 'create_student_performance_mart' retrieved from /opt/airflow/dags/create_student_performance_mart.py
[2026-04-29T05:12:34.873+0000] {logging_mixin.py:190} INFO - [2026-04-29T05:12:34.872+0000] {dag.py:3239} INFO - Sync 1 DAGs
[2026-04-29T05:12:34.889+0000] {logging_mixin.py:190} INFO - [2026-04-29T05:12:34.889+0000] {dag.py:4180} INFO - Setting next_dagrun for create_student_performance_mart to None, run_after=None
[2026-04-29T05:12:34.927+0000] {processor.py:208} INFO - Processing /opt/airflow/dags/create_student_performance_mart.py took 0.136 seconds
[2026-04-29T05:13:05.312+0000] {processor.py:186} INFO - Started process (PID=256) to work on /opt/airflow/dags/create_student_performance_mart.py
[2026-04-29T05:13:05.315+0000] {processor.py:914} INFO - Processing file /opt/airflow/dags/create_student_performance_mart.py for tasks to queue
[2026-04-29T05:13:05.320+0000] {logging_mixin.py:190} INFO - [2026-04-29T05:13:05.320+0000] {dagbag.py:588} INFO - Filling up the DagBag from /opt/airflow/dags/create_student_performance_mart.py
[2026-04-29T05:13:05.368+0000] {processor.py:925} INFO - DAG(s) 'create_student_performance_mart' retrieved from /opt/airflow/dags/create_student_performance_mart.py
[2026-04-29T05:13:05.418+0000] {logging_mixin.py:190} INFO - [2026-04-29T05:13:05.418+0000] {dag.py:3239} INFO - Sync 1 DAGs
[2026-04-29T05:13:05.446+0000] {logging_mixin.py:190} INFO - [2026-04-29T05:13:05.445+0000] {dag.py:4180} INFO - Setting next_dagrun for create_student_performance_mart to None, run_after=None
[2026-04-29T05:13:05.500+0000] {processor.py:208} INFO - Processing /opt/airflow/dags/create_student_performance_mart.py took 0.207 seconds
[2026-04-29T05:13:35.665+0000] {processor.py:186} INFO - Started process (PID=272) to work on /opt/airflow/dags/create_student_performance_mart.py
[2026-04-29T05:13:35.667+0000] {processor.py:914} INFO - Processing file /opt/airflow/dags/create_student_performance_mart.py for tasks to queue
[2026-04-29T05:13:35.672+0000] {logging_mixin.py:190} INFO - [2026-04-29T05:13:35.671+0000] {dagbag.py:588} INFO - Filling up the DagBag from /opt/airflow/dags/create_student_performance_mart.py
[2026-04-29T05:13:35.714+0000] {processor.py:925} INFO - DAG(s) 'create_student_performance_mart' retrieved from /opt/airflow/dags/create_student_performance_mart.py
[2026-04-29T05:13:35.769+0000] {logging_mixin.py:190} INFO - [2026-04-29T05:13:35.769+0000] {dag.py:3239} INFO - Sync 1 DAGs
[2026-04-29T05:13:35.795+0000] {logging_mixin.py:190} INFO - [2026-04-29T05:13:35.794+0000] {dag.py:4180} INFO - Setting next_dagrun for create_student_performance_mart to None, run_after=None
[2026-04-29T05:13:35.821+0000] {processor.py:208} INFO - Processing /opt/airflow/dags/create_student_performance_mart.py took 0.167 seconds
[2026-04-29T05:14:06.229+0000] {processor.py:186} INFO - Started process (PID=288) to work on /opt/airflow/dags/create_student_performance_mart.py
[2026-04-29T05:14:06.232+0000] {processor.py:914} INFO - Processing file /opt/airflow/dags/create_student_performance_mart.py for tasks to queue
[2026-04-29T05:14:06.237+0000] {logging_mixin.py:190} INFO - [2026-04-29T05:14:06.236+0000] {dagbag.py:588} INFO - Filling up the DagBag from /opt/airflow/dags/create_student_performance_mart.py
[2026-04-29T05:14:06.280+0000] {processor.py:925} INFO - DAG(s) 'create_student_performance_mart' retrieved from /opt/airflow/dags/create_student_performance_mart.py
[2026-04-29T05:14:06.337+0000] {logging_mixin.py:190} INFO - [2026-04-29T05:14:06.337+0000] {dag.py:3239} INFO - Sync 1 DAGs
[2026-04-29T05:14:06.366+0000] {logging_mixin.py:190} INFO - [2026-04-29T05:14:06.365+0000] {dag.py:4180} INFO - Setting next_dagrun for create_student_performance_mart to None, run_after=None
[2026-04-29T05:14:06.421+0000] {processor.py:208} INFO - Processing /opt/airflow/dags/create_student_performance_mart.py took 0.205 seconds
[2026-04-29T05:14:36.594+0000] {processor.py:186} INFO - Started process (PID=304) to work on /opt/airflow/dags/create_student_performance_mart.py
[2026-04-29T05:14:36.596+0000] {processor.py:914} INFO - Processing file /opt/airflow/dags/create_student_performance_mart.py for tasks to queue
[2026-04-29T05:14:36.600+0000] {logging_mixin.py:190} INFO - [2026-04-29T05:14:36.600+0000] {dagbag.py:588} INFO - Filling up the DagBag from /opt/airflow/dags/create_student_performance_mart.py
[2026-04-29T05:14:36.636+0000] {processor.py:925} INFO - DAG(s) 'create_student_performance_mart' retrieved from /opt/airflow/dags/create_student_performance_mart.py
[2026-04-29T05:14:36.679+0000] {logging_mixin.py:190} INFO - [2026-04-29T05:14:36.679+0000] {dag.py:3239} INFO - Sync 1 DAGs
[2026-04-29T05:14:36.703+0000] {logging_mixin.py:190} INFO - [2026-04-29T05:14:36.702+0000] {dag.py:4180} INFO - Setting next_dagrun for create_student_performance_mart to None, run_after=None
[2026-04-29T05:14:36.751+0000] {processor.py:208} INFO - Processing /opt/airflow/dags/create_student_performance_mart.py took 0.167 seconds
[2026-04-29T05:15:07.150+0000] {processor.py:186} INFO - Started process (PID=320) to work on /opt/airflow/dags/create_student_performance_mart.py
[2026-04-29T05:15:07.152+0000] {processor.py:914} INFO - Processing file /opt/airflow/dags/create_student_performance_mart.py for tasks to queue
[2026-04-29T05:15:07.157+0000] {logging_mixin.py:190} INFO - [2026-04-29T05:15:07.156+0000] {dagbag.py:588} INFO - Filling up the DagBag from /opt/airflow/dags/create_student_performance_mart.py
[2026-04-29T05:15:07.201+0000] {processor.py:925} INFO - DAG(s) 'create_student_performance_mart' retrieved from /opt/airflow/dags/create_student_performance_mart.py
[2026-04-29T05:15:07.248+0000] {logging_mixin.py:190} INFO - [2026-04-29T05:15:07.247+0000] {dag.py:3239} INFO - Sync 1 DAGs
[2026-04-29T05:15:07.273+0000] {logging_mixin.py:190} INFO - [2026-04-29T05:15:07.272+0000] {dag.py:4180} INFO - Setting next_dagrun for create_student_performance_mart to None, run_after=None
[2026-04-29T05:15:07.304+0000] {processor.py:208} INFO - Processing /opt/airflow/dags/create_student_performance_mart.py took 0.166 seconds
[2026-04-29T05:15:37.839+0000] {processor.py:186} INFO - Started process (PID=337) to work on /opt/airflow/dags/create_student_performance_mart.py
[2026-04-29T05:15:37.841+0000] {processor.py:914} INFO - Processing file /opt/airflow/dags/create_student_performance_mart.py for tasks to queue
[2026-04-29T05:15:37.845+0000] {logging_mixin.py:190} INFO - [2026-04-29T05:15:37.844+0000] {dagbag.py:588} INFO - Filling up the DagBag from /opt/airflow/dags/create_student_performance_mart.py
[2026-04-29T05:15:37.884+0000] {processor.py:925} INFO - DAG(s) 'create_student_performance_mart' retrieved from /opt/airflow/dags/create_student_performance_mart.py
[2026-04-29T05:15:37.934+0000] {logging_mixin.py:190} INFO - [2026-04-29T05:15:37.933+0000] {dag.py:3239} INFO - Sync 1 DAGs
[2026-04-29T05:15:37.958+0000] {logging_mixin.py:190} INFO - [2026-04-29T05:15:37.958+0000] {dag.py:4180} INFO - Setting next_dagrun for create_student_performance_mart to None, run_after=None
[2026-04-29T05:15:38.007+0000] {processor.py:208} INFO - Processing /opt/airflow/dags/create_student_performance_mart.py took 0.184 seconds
[2026-04-29T05:16:08.361+0000] {processor.py:186} INFO - Started process (PID=353) to work on /opt/airflow/dags/create_student_performance_mart.py
[2026-04-29T05:16:08.364+0000] {processor.py:914} INFO - Processing file /opt/airflow/dags/create_student_performance_mart.py for tasks to queue
[2026-04-29T05:16:08.370+0000] {logging_mixin.py:190} INFO - [2026-04-29T05:16:08.369+0000] {dagbag.py:588} INFO - Filling up the DagBag from /opt/airflow/dags/create_student_performance_mart.py
[2026-04-29T05:16:08.405+0000] {processor.py:925} INFO - DAG(s) 'create_student_performance_mart' retrieved from /opt/airflow/dags/create_student_performance_mart.py
[2026-04-29T05:16:08.454+0000] {logging_mixin.py:190} INFO - [2026-04-29T05:16:08.454+0000] {dag.py:3239} INFO - Sync 1 DAGs
[2026-04-29T05:16:08.481+0000] {logging_mixin.py:190} INFO - [2026-04-29T05:16:08.480+0000] {dag.py:4180} INFO - Setting next_dagrun for create_student_performance_mart to None, run_after=None
[2026-04-29T05:16:08.532+0000] {processor.py:208} INFO - Processing /opt/airflow/dags/create_student_performance_mart.py took 0.185 seconds
[2026-04-29T05:16:38.740+0000] {processor.py:186} INFO - Started process (PID=369) to work on /opt/airflow/dags/create_student_performance_mart.py
[2026-04-29T05:16:38.742+0000] {processor.py:914} INFO - Processing file /opt/airflow/dags/create_student_performance_mart.py for tasks to queue
[2026-04-29T05:16:38.747+0000] {logging_mixin.py:190} INFO - [2026-04-29T05:16:38.746+0000] {dagbag.py:588} INFO - Filling up the DagBag from /opt/airflow/dags/create_student_performance_mart.py
[2026-04-29T05:16:38.785+0000] {processor.py:925} INFO - DAG(s) 'create_student_performance_mart' retrieved from /opt/airflow/dags/create_student_performance_mart.py
[2026-04-29T05:16:38.851+0000] {logging_mixin.py:190} INFO - [2026-04-29T05:16:38.850+0000] {dag.py:3239} INFO - Sync 1 DAGs
[2026-04-29T05:16:38.878+0000] {logging_mixin.py:190} INFO - [2026-04-29T05:16:38.877+0000] {dag.py:4180} INFO - Setting next_dagrun for create_student_performance_mart to None, run_after=None
[2026-04-29T05:16:38.928+0000] {processor.py:208} INFO - Processing /opt/airflow/dags/create_student_performance_mart.py took 0.199 seconds
[2026-04-29T05:17:09.302+0000] {processor.py:186} INFO - Started process (PID=385) to work on /opt/airflow/dags/create_student_performance_mart.py
[2026-04-29T05:17:09.304+0000] {processor.py:914} INFO - Processing file /opt/airflow/dags/create_student_performance_mart.py for tasks to queue
[2026-04-29T05:17:09.309+0000] {logging_mixin.py:190} INFO - [2026-04-29T05:17:09.308+0000] {dagbag.py:588} INFO - Filling up the DagBag from /opt/airflow/dags/create_student_performance_mart.py
[2026-04-29T05:17:09.338+0000] {processor.py:925} INFO - DAG(s) 'create_student_performance_mart' retrieved from /opt/airflow/dags/create_student_performance_mart.py
[2026-04-29T05:17:09.383+0000] {logging_mixin.py:190} INFO - [2026-04-29T05:17:09.383+0000] {dag.py:3239} INFO - Sync 1 DAGs
[2026-04-29T05:17:09.410+0000] {logging_mixin.py:190} INFO - [2026-04-29T05:17:09.409+0000] {dag.py:4180} INFO - Setting next_dagrun for create_student_performance_mart to None, run_after=None
[2026-04-29T05:17:09.463+0000] {processor.py:208} INFO - Processing /opt/airflow/dags/create_student_performance_mart.py took 0.173 seconds
[2026-04-29T05:17:39.812+0000] {processor.py:186} INFO - Started process (PID=401) to work on /opt/airflow/dags/create_student_performance_mart.py
[2026-04-29T05:17:39.814+0000] {processor.py:914} INFO - Processing file /opt/airflow/dags/create_student_performance_mart.py for tasks to queue
[2026-04-29T05:17:39.819+0000] {logging_mixin.py:190} INFO - [2026-04-29T05:17:39.818+0000] {dagbag.py:588} INFO - Filling up the DagBag from /opt/airflow/dags/create_student_performance_mart.py
[2026-04-29T05:17:39.846+0000] {processor.py:925} INFO - DAG(s) 'create_student_performance_mart' retrieved from /opt/airflow/dags/create_student_performance_mart.py
[2026-04-29T05:17:39.891+0000] {logging_mixin.py:190} INFO - [2026-04-29T05:17:39.891+0000] {dag.py:3239} INFO - Sync 1 DAGs
[2026-04-29T05:17:39.917+0000] {logging_mixin.py:190} INFO - [2026-04-29T05:17:39.917+0000] {dag.py:4180} INFO - Setting next_dagrun for create_student_performance_mart to None, run_after=None
[2026-04-29T05:17:39.968+0000] {processor.py:208} INFO - Processing /opt/airflow/dags/create_student_performance_mart.py took 0.166 seconds
[2026-04-29T05:18:26.969+0000] {processor.py:186} INFO - Started process (PID=417) to work on /opt/airflow/dags/create_student_performance_mart.py
[2026-04-29T05:18:26.972+0000] {processor.py:914} INFO - Processing file /opt/airflow/dags/create_student_performance_mart.py for tasks to queue
[2026-04-29T05:18:26.978+0000] {logging_mixin.py:190} INFO - [2026-04-29T05:18:26.977+0000] {dagbag.py:588} INFO - Filling up the DagBag from /opt/airflow/dags/create_student_performance_mart.py
[2026-04-29T05:18:27.018+0000] {processor.py:925} INFO - DAG(s) 'create_student_performance_mart' retrieved from /opt/airflow/dags/create_student_performance_mart.py
[2026-04-29T05:18:27.055+0000] {logging_mixin.py:190} INFO - [2026-04-29T05:18:27.054+0000] {dag.py:3239} INFO - Sync 1 DAGs
[2026-04-29T05:18:27.073+0000] {logging_mixin.py:190} INFO - [2026-04-29T05:18:27.073+0000] {dag.py:4180} INFO - Setting next_dagrun for create_student_performance_mart to None, run_after=None
[2026-04-29T05:18:27.101+0000] {processor.py:208} INFO - Processing /opt/airflow/dags/create_student_performance_mart.py took 0.142 seconds
[2026-04-29T05:18:57.528+0000] {processor.py:186} INFO - Started process (PID=433) to work on /opt/airflow/dags/create_student_performance_mart.py
[2026-04-29T05:18:57.530+0000] {processor.py:914} INFO - Processing file /opt/airflow/dags/create_student_performance_mart.py for tasks to queue
[2026-04-29T05:18:57.534+0000] {logging_mixin.py:190} INFO - [2026-04-29T05:18:57.534+0000] {dagbag.py:588} INFO - Filling up the DagBag from /opt/airflow/dags/create_student_performance_mart.py
[2026-04-29T05:18:57.566+0000] {processor.py:925} INFO - DAG(s) 'create_student_performance_mart' retrieved from /opt/airflow/dags/create_student_performance_mart.py
[2026-04-29T05:18:57.614+0000] {logging_mixin.py:190} INFO - [2026-04-29T05:18:57.614+0000] {dag.py:3239} INFO - Sync 1 DAGs
[2026-04-29T05:18:57.639+0000] {logging_mixin.py:190} INFO - [2026-04-29T05:18:57.639+0000] {dag.py:4180} INFO - Setting next_dagrun for create_student_performance_mart to None, run_after=None
[2026-04-29T05:18:57.691+0000] {processor.py:208} INFO - Processing /opt/airflow/dags/create_student_performance_mart.py took 0.173 seconds
[2026-04-29T05:19:27.890+0000] {processor.py:186} INFO - Started process (PID=449) to work on /opt/airflow/dags/create_student_performance_mart.py
[2026-04-29T05:19:27.891+0000] {processor.py:914} INFO - Processing file /opt/airflow/dags/create_student_performance_mart.py for tasks to queue
[2026-04-29T05:19:27.897+0000] {logging_mixin.py:190} INFO - [2026-04-29T05:19:27.896+0000] {dagbag.py:588} INFO - Filling up the DagBag from /opt/airflow/dags/create_student_performance_mart.py
[2026-04-29T05:19:27.933+0000] {processor.py:925} INFO - DAG(s) 'create_student_performance_mart' retrieved from /opt/airflow/dags/create_student_performance_mart.py
[2026-04-29T05:19:27.982+0000] {logging_mixin.py:190} INFO - [2026-04-29T05:19:27.981+0000] {dag.py:3239} INFO - Sync 1 DAGs
[2026-04-29T05:19:28.011+0000] {logging_mixin.py:190} INFO - [2026-04-29T05:19:28.010+0000] {dag.py:4180} INFO - Setting next_dagrun for create_student_performance_mart to None, run_after=None
[2026-04-29T05:19:28.063+0000] {processor.py:208} INFO - Processing /opt/airflow/dags/create_student_performance_mart.py took 0.184 seconds
[2026-04-29T05:19:58.445+0000] {processor.py:186} INFO - Started process (PID=465) to work on /opt/airflow/dags/create_student_performance_mart.py
[2026-04-29T05:19:58.447+0000] {processor.py:914} INFO - Processing file /opt/airflow/dags/create_student_performance_mart.py for tasks to queue
[2026-04-29T05:19:58.452+0000] {logging_mixin.py:190} INFO - [2026-04-29T05:19:58.452+0000] {dagbag.py:588} INFO - Filling up the DagBag from /opt/airflow/dags/create_student_performance_mart.py
[2026-04-29T05:19:58.484+0000] {processor.py:925} INFO - DAG(s) 'create_student_performance_mart' retrieved from /opt/airflow/dags/create_student_performance_mart.py
[2026-04-29T05:19:58.538+0000] {logging_mixin.py:190} INFO - [2026-04-29T05:19:58.537+0000] {dag.py:3239} INFO - Sync 1 DAGs
[2026-04-29T05:19:58.566+0000] {logging_mixin.py:190} INFO - [2026-04-29T05:19:58.566+0000] {dag.py:4180} INFO - Setting next_dagrun for create_student_performance_mart to None, run_after=None
[2026-04-29T05:19:58.624+0000] {processor.py:208} INFO - Processing /opt/airflow/dags/create_student_performance_mart.py took 0.193 seconds
[2026-04-29T05:20:29.020+0000] {processor.py:186} INFO - Started process (PID=481) to work on /opt/airflow/dags/create_student_performance_mart.py
[2026-04-29T05:20:29.021+0000] {processor.py:914} INFO - Processing file /opt/airflow/dags/create_student_performance_mart.py for tasks to queue
[2026-04-29T05:20:29.025+0000] {logging_mixin.py:190} INFO - [2026-04-29T05:20:29.025+0000] {dagbag.py:588} INFO - Filling up the DagBag from /opt/airflow/dags/create_student_performance_mart.py
[2026-04-29T05:20:29.054+0000] {processor.py:925} INFO - DAG(s) 'create_student_performance_mart' retrieved from /opt/airflow/dags/create_student_performance_mart.py
[2026-04-29T05:20:29.102+0000] {logging_mixin.py:190} INFO - [2026-04-29T05:20:29.101+0000] {dag.py:3239} INFO - Sync 1 DAGs
[2026-04-29T05:20:29.129+0000] {logging_mixin.py:190} INFO - [2026-04-29T05:20:29.129+0000] {dag.py:4180} INFO - Setting next_dagrun for create_student_performance_mart to None, run_after=None
[2026-04-29T05:20:29.181+0000] {processor.py:208} INFO - Processing /opt/airflow/dags/create_student_performance_mart.py took 0.172 seconds
[2026-04-29T05:20:59.721+0000] {processor.py:186} INFO - Started process (PID=496) to work on /opt/airflow/dags/create_student_performance_mart.py
[2026-04-29T05:20:59.723+0000] {processor.py:914} INFO - Processing file /opt/airflow/dags/create_student_performance_mart.py for tasks to queue
[2026-04-29T05:20:59.728+0000] {logging_mixin.py:190} INFO - [2026-04-29T05:20:59.727+0000] {dagbag.py:588} INFO - Filling up the DagBag from /opt/airflow/dags/create_student_performance_mart.py
[2026-04-29T05:20:59.757+0000] {processor.py:925} INFO - DAG(s) 'create_student_performance_mart' retrieved from /opt/airflow/dags/create_student_performance_mart.py
[2026-04-29T05:20:59.805+0000] {logging_mixin.py:190} INFO - [2026-04-29T05:20:59.805+0000] {dag.py:3239} INFO - Sync 1 DAGs
[2026-04-29T05:20:59.831+0000] {logging_mixin.py:190} INFO - [2026-04-29T05:20:59.830+0000] {dag.py:4180} INFO - Setting next_dagrun for create_student_performance_mart to None, run_after=None
[2026-04-29T05:20:59.880+0000] {processor.py:208} INFO - Processing /opt/airflow/dags/create_student_performance_mart.py took 0.172 seconds
[2026-04-29T05:21:30.263+0000] {processor.py:186} INFO - Started process (PID=512) to work on /opt/airflow/dags/create_student_performance_mart.py
[2026-04-29T05:21:30.265+0000] {processor.py:914} INFO - Processing file /opt/airflow/dags/create_student_performance_mart.py for tasks to queue
[2026-04-29T05:21:30.270+0000] {logging_mixin.py:190} INFO - [2026-04-29T05:21:30.269+0000] {dagbag.py:588} INFO - Filling up the DagBag from /opt/airflow/dags/create_student_performance_mart.py
[2026-04-29T05:21:30.297+0000] {processor.py:925} INFO - DAG(s) 'create_student_performance_mart' retrieved from /opt/airflow/dags/create_student_performance_mart.py
[2026-04-29T05:21:30.344+0000] {logging_mixin.py:190} INFO - [2026-04-29T05:21:30.343+0000] {dag.py:3239} INFO - Sync 1 DAGs
[2026-04-29T05:21:30.372+0000] {logging_mixin.py:190} INFO - [2026-04-29T05:21:30.372+0000] {dag.py:4180} INFO - Setting next_dagrun for create_student_performance_mart to None, run_after=None
[2026-04-29T05:21:30.422+0000] {processor.py:208} INFO - Processing /opt/airflow/dags/create_student_performance_mart.py took 0.170 seconds
[2026-04-29T05:22:00.784+0000] {processor.py:186} INFO - Started process (PID=528) to work on /opt/airflow/dags/create_student_performance_mart.py
[2026-04-29T05:22:00.786+0000] {processor.py:914} INFO - Processing file /opt/airflow/dags/create_student_performance_mart.py for tasks to queue
[2026-04-29T05:22:00.790+0000] {logging_mixin.py:190} INFO - [2026-04-29T05:22:00.790+0000] {dagbag.py:588} INFO - Filling up the DagBag from /opt/airflow/dags/create_student_performance_mart.py
[2026-04-29T05:22:00.819+0000] {processor.py:925} INFO - DAG(s) 'create_student_performance_mart' retrieved from /opt/airflow/dags/create_student_performance_mart.py
[2026-04-29T05:22:00.866+0000] {logging_mixin.py:190} INFO - [2026-04-29T05:22:00.866+0000] {dag.py:3239} INFO - Sync 1 DAGs
[2026-04-29T05:22:00.893+0000] {logging_mixin.py:190} INFO - [2026-04-29T05:22:00.892+0000] {dag.py:4180} INFO - Setting next_dagrun for create_student_performance_mart to None, run_after=None
[2026-04-29T05:22:00.946+0000] {processor.py:208} INFO - Processing /opt/airflow/dags/create_student_performance_mart.py took 0.174 seconds
[2026-04-29T05:22:31.403+0000] {processor.py:186} INFO - Started process (PID=544) to work on /opt/airflow/dags/create_student_performance_mart.py
[2026-04-29T05:22:31.405+0000] {processor.py:914} INFO - Processing file /opt/airflow/dags/create_student_performance_mart.py for tasks to queue
[2026-04-29T05:22:31.412+0000] {logging_mixin.py:190} INFO - [2026-04-29T05:22:31.411+0000] {dagbag.py:588} INFO - Filling up the DagBag from /opt/airflow/dags/create_student_performance_mart.py
[2026-04-29T05:22:31.443+0000] {processor.py:925} INFO - DAG(s) 'create_student_performance_mart' retrieved from /opt/airflow/dags/create_student_performance_mart.py
[2026-04-29T05:22:31.495+0000] {logging_mixin.py:190} INFO - [2026-04-29T05:22:31.494+0000] {dag.py:3239} INFO - Sync 1 DAGs
[2026-04-29T05:22:31.521+0000] {logging_mixin.py:190} INFO - [2026-04-29T05:22:31.520+0000] {dag.py:4180} INFO - Setting next_dagrun for create_student_performance_mart to None, run_after=None
[2026-04-29T05:22:31.571+0000] {processor.py:208} INFO - Processing /opt/airflow/dags/create_student_performance_mart.py took 0.181 seconds
[2026-04-29T05:23:01.980+0000] {processor.py:186} INFO - Started process (PID=560) to work on /opt/airflow/dags/create_student_performance_mart.py
[2026-04-29T05:23:01.983+0000] {processor.py:914} INFO - Processing file /opt/airflow/dags/create_student_performance_mart.py for tasks to queue
[2026-04-29T05:23:01.994+0000] {logging_mixin.py:190} INFO - [2026-04-29T05:23:01.993+0000] {dagbag.py:588} INFO - Filling up the DagBag from /opt/airflow/dags/create_student_performance_mart.py
[2026-04-29T05:23:02.038+0000] {processor.py:925} INFO - DAG(s) 'create_student_performance_mart' retrieved from /opt/airflow/dags/create_student_performance_mart.py
[2026-04-29T05:23:02.095+0000] {logging_mixin.py:190} INFO - [2026-04-29T05:23:02.094+0000] {dag.py:3239} INFO - Sync 1 DAGs
[2026-04-29T05:23:02.125+0000] {logging_mixin.py:190} INFO - [2026-04-29T05:23:02.124+0000] {dag.py:4180} INFO - Setting next_dagrun for create_student_performance_mart to None, run_after=None
[2026-04-29T05:23:02.169+0000] {processor.py:208} INFO - Processing /opt/airflow/dags/create_student_performance_mart.py took 0.228 seconds
[2026-04-29T05:23:32.628+0000] {processor.py:186} INFO - Started process (PID=576) to work on /opt/airflow/dags/create_student_performance_mart.py
[2026-04-29T05:23:32.630+0000] {processor.py:914} INFO - Processing file /opt/airflow/dags/create_student_performance_mart.py for tasks to queue
[2026-04-29T05:23:32.635+0000] {logging_mixin.py:190} INFO - [2026-04-29T05:23:32.635+0000] {dagbag.py:588} INFO - Filling up the DagBag from /opt/airflow/dags/create_student_performance_mart.py
[2026-04-29T05:23:32.668+0000] {processor.py:925} INFO - DAG(s) 'create_student_performance_mart' retrieved from /opt/airflow/dags/create_student_performance_mart.py
[2026-04-29T05:23:32.719+0000] {logging_mixin.py:190} INFO - [2026-04-29T05:23:32.719+0000] {dag.py:3239} INFO - Sync 1 DAGs
[2026-04-29T05:23:32.748+0000] {logging_mixin.py:190} INFO - [2026-04-29T05:23:32.747+0000] {dag.py:4180} INFO - Setting next_dagrun for create_student_performance_mart to None, run_after=None
[2026-04-29T05:23:32.805+0000] {processor.py:208} INFO - Processing /opt/airflow/dags/create_student_performance_mart.py took 0.192 seconds
[2026-04-29T05:24:03.159+0000] {processor.py:186} INFO - Started process (PID=592) to work on /opt/airflow/dags/create_student_performance_mart.py
[2026-04-29T05:24:03.161+0000] {processor.py:914} INFO - Processing file /opt/airflow/dags/create_student_performance_mart.py for tasks to queue
[2026-04-29T05:24:03.166+0000] {logging_mixin.py:190} INFO - [2026-04-29T05:24:03.166+0000] {dagbag.py:588} INFO - Filling up the DagBag from /opt/airflow/dags/create_student_performance_mart.py
[2026-04-29T05:24:03.205+0000] {processor.py:925} INFO - DAG(s) 'create_student_performance_mart' retrieved from /opt/airflow/dags/create_student_performance_mart.py
[2026-04-29T05:24:03.269+0000] {logging_mixin.py:190} INFO - [2026-04-29T05:24:03.268+0000] {dag.py:3239} INFO - Sync 1 DAGs
[2026-04-29T05:24:03.299+0000] {logging_mixin.py:190} INFO - [2026-04-29T05:24:03.298+0000] {dag.py:4180} INFO - Setting next_dagrun for create_student_performance_mart to None, run_after=None
[2026-04-29T05:24:03.330+0000] {processor.py:208} INFO - Processing /opt/airflow/dags/create_student_performance_mart.py took 0.187 seconds
[2026-04-29T05:24:33.707+0000] {processor.py:186} INFO - Started process (PID=608) to work on /opt/airflow/dags/create_student_performance_mart.py
[2026-04-29T05:24:33.709+0000] {processor.py:914} INFO - Processing file /opt/airflow/dags/create_student_performance_mart.py for tasks to queue
[2026-04-29T05:24:33.715+0000] {logging_mixin.py:190} INFO - [2026-04-29T05:24:33.714+0000] {dagbag.py:588} INFO - Filling up the DagBag from /opt/airflow/dags/create_student_performance_mart.py
[2026-04-29T05:24:33.755+0000] {processor.py:925} INFO - DAG(s) 'create_student_performance_mart' retrieved from /opt/airflow/dags/create_student_performance_mart.py
[2026-04-29T05:24:33.802+0000] {logging_mixin.py:190} INFO - [2026-04-29T05:24:33.802+0000] {dag.py:3239} INFO - Sync 1 DAGs
[2026-04-29T05:24:33.826+0000] {logging_mixin.py:190} INFO - [2026-04-29T05:24:33.826+0000] {dag.py:4180} INFO - Setting next_dagrun for create_student_performance_mart to None, run_after=None
[2026-04-29T05:24:33.876+0000] {processor.py:208} INFO - Processing /opt/airflow/dags/create_student_performance_mart.py took 0.181 seconds
[2026-04-29T05:25:04.241+0000] {processor.py:186} INFO - Started process (PID=624) to work on /opt/airflow/dags/create_student_performance_mart.py
[2026-04-29T05:25:04.243+0000] {processor.py:914} INFO - Processing file /opt/airflow/dags/create_student_performance_mart.py for tasks to queue
[2026-04-29T05:25:04.248+0000] {logging_mixin.py:190} INFO - [2026-04-29T05:25:04.247+0000] {dagbag.py:588} INFO - Filling up the DagBag from /opt/airflow/dags/create_student_performance_mart.py
[2026-04-29T05:25:04.278+0000] {processor.py:925} INFO - DAG(s) 'create_student_performance_mart' retrieved from /opt/airflow/dags/create_student_performance_mart.py
[2026-04-29T05:25:04.324+0000] {logging_mixin.py:190} INFO - [2026-04-29T05:25:04.323+0000] {dag.py:3239} INFO - Sync 1 DAGs
[2026-04-29T05:25:04.349+0000] {logging_mixin.py:190} INFO - [2026-04-29T05:25:04.349+0000] {dag.py:4180} INFO - Setting next_dagrun for create_student_performance_mart to None, run_after=None
[2026-04-29T05:25:04.406+0000] {processor.py:208} INFO - Processing /opt/airflow/dags/create_student_performance_mart.py took 0.176 seconds
[2026-04-29T05:25:34.820+0000] {processor.py:186} INFO - Started process (PID=640) to work on /opt/airflow/dags/create_student_performance_mart.py
[2026-04-29T05:25:34.824+0000] {processor.py:914} INFO - Processing file /opt/airflow/dags/create_student_performance_mart.py for tasks to queue
[2026-04-29T05:25:34.829+0000] {logging_mixin.py:190} INFO - [2026-04-29T05:25:34.828+0000] {dagbag.py:588} INFO - Filling up the DagBag from /opt/airflow/dags/create_student_performance_mart.py
[2026-04-29T05:25:34.858+0000] {processor.py:925} INFO - DAG(s) 'create_student_performance_mart' retrieved from /opt/airflow/dags/create_student_performance_mart.py
[2026-04-29T05:25:34.906+0000] {logging_mixin.py:190} INFO - [2026-04-29T05:25:34.906+0000] {dag.py:3239} INFO - Sync 1 DAGs
[2026-04-29T05:25:34.932+0000] {logging_mixin.py:190} INFO - [2026-04-29T05:25:34.931+0000] {dag.py:4180} INFO - Setting next_dagrun for create_student_performance_mart to None, run_after=None
[2026-04-29T05:25:34.983+0000] {processor.py:208} INFO - Processing /opt/airflow/dags/create_student_performance_mart.py took 0.174 seconds
[2026-04-29T05:26:05.395+0000] {processor.py:186} INFO - Started process (PID=656) to work on /opt/airflow/dags/create_student_performance_mart.py
[2026-04-29T05:26:05.397+0000] {processor.py:914} INFO - Processing file /opt/airflow/dags/create_student_performance_mart.py for tasks to queue
[2026-04-29T05:26:05.401+0000] {logging_mixin.py:190} INFO - [2026-04-29T05:26:05.400+0000] {dagbag.py:588} INFO - Filling up the DagBag from /opt/airflow/dags/create_student_performance_mart.py
[2026-04-29T05:26:05.434+0000] {processor.py:925} INFO - DAG(s) 'create_student_performance_mart' retrieved from /opt/airflow/dags/create_student_performance_mart.py
[2026-04-29T05:26:05.483+0000] {logging_mixin.py:190} INFO - [2026-04-29T05:26:05.483+0000] {dag.py:3239} INFO - Sync 1 DAGs
[2026-04-29T05:26:05.508+0000] {logging_mixin.py:190} INFO - [2026-04-29T05:26:05.508+0000] {dag.py:4180} INFO - Setting next_dagrun for create_student_performance_mart to None, run_after=None
[2026-04-29T05:26:05.547+0000] {processor.py:208} INFO - Processing /opt/airflow/dags/create_student_performance_mart.py took 0.165 seconds
[2026-04-29T05:26:35.912+0000] {processor.py:186} INFO - Started process (PID=672) to work on /opt/airflow/dags/create_student_performance_mart.py
[2026-04-29T05:26:35.914+0000] {processor.py:914} INFO - Processing file /opt/airflow/dags/create_student_performance_mart.py for tasks to queue
[2026-04-29T05:26:35.918+0000] {logging_mixin.py:190} INFO - [2026-04-29T05:26:35.917+0000] {dagbag.py:588} INFO - Filling up the DagBag from /opt/airflow/dags/create_student_performance_mart.py
[2026-04-29T05:26:35.945+0000] {processor.py:925} INFO - DAG(s) 'create_student_performance_mart' retrieved from /opt/airflow/dags/create_student_performance_mart.py
[2026-04-29T05:26:35.990+0000] {logging_mixin.py:190} INFO - [2026-04-29T05:26:35.989+0000] {dag.py:3239} INFO - Sync 1 DAGs
[2026-04-29T05:26:36.014+0000] {logging_mixin.py:190} INFO - [2026-04-29T05:26:36.014+0000] {dag.py:4180} INFO - Setting next_dagrun for create_student_performance_mart to None, run_after=None
[2026-04-29T05:26:36.066+0000] {processor.py:208} INFO - Processing /opt/airflow/dags/create_student_performance_mart.py took 0.165 seconds
[2026-04-29T05:27:06.454+0000] {processor.py:186} INFO - Started process (PID=688) to work on /opt/airflow/dags/create_student_performance_mart.py
[2026-04-29T05:27:06.455+0000] {processor.py:914} INFO - Processing file /opt/airflow/dags/create_student_performance_mart.py for tasks to queue
[2026-04-29T05:27:06.460+0000] {logging_mixin.py:190} INFO - [2026-04-29T05:27:06.459+0000] {dagbag.py:588} INFO - Filling up the DagBag from /opt/airflow/dags/create_student_performance_mart.py
[2026-04-29T05:27:06.492+0000] {processor.py:925} INFO - DAG(s) 'create_student_performance_mart' retrieved from /opt/airflow/dags/create_student_performance_mart.py
[2026-04-29T05:27:06.540+0000] {logging_mixin.py:190} INFO - [2026-04-29T05:27:06.539+0000] {dag.py:3239} INFO - Sync 1 DAGs
[2026-04-29T05:27:06.571+0000] {logging_mixin.py:190} INFO - [2026-04-29T05:27:06.571+0000] {dag.py:4180} INFO - Setting next_dagrun for create_student_performance_mart to None, run_after=None
[2026-04-29T05:27:06.604+0000] {processor.py:208} INFO - Processing /opt/airflow/dags/create_student_performance_mart.py took 0.162 seconds
[2026-04-29T05:27:36.937+0000] {processor.py:186} INFO - Started process (PID=707) to work on /opt/airflow/dags/create_student_performance_mart.py
[2026-04-29T05:27:36.940+0000] {processor.py:914} INFO - Processing file /opt/airflow/dags/create_student_performance_mart.py for tasks to queue
[2026-04-29T05:27:36.945+0000] {logging_mixin.py:190} INFO - [2026-04-29T05:27:36.945+0000] {dagbag.py:588} INFO - Filling up the DagBag from /opt/airflow/dags/create_student_performance_mart.py
[2026-04-29T05:27:36.979+0000] {processor.py:925} INFO - DAG(s) 'create_student_performance_mart' retrieved from /opt/airflow/dags/create_student_performance_mart.py
[2026-04-29T05:27:37.034+0000] {logging_mixin.py:190} INFO - [2026-04-29T05:27:37.033+0000] {dag.py:3239} INFO - Sync 1 DAGs
[2026-04-29T05:27:37.064+0000] {logging_mixin.py:190} INFO - [2026-04-29T05:27:37.063+0000] {dag.py:4180} INFO - Setting next_dagrun for create_student_performance_mart to None, run_after=None
[2026-04-29T05:27:37.116+0000] {processor.py:208} INFO - Processing /opt/airflow/dags/create_student_performance_mart.py took 0.193 seconds
[2026-04-29T05:28:07.483+0000] {processor.py:186} INFO - Started process (PID=723) to work on /opt/airflow/dags/create_student_performance_mart.py
[2026-04-29T05:28:07.485+0000] {processor.py:914} INFO - Processing file /opt/airflow/dags/create_student_performance_mart.py for tasks to queue
[2026-04-29T05:28:07.489+0000] {logging_mixin.py:190} INFO - [2026-04-29T05:28:07.489+0000] {dagbag.py:588} INFO - Filling up the DagBag from /opt/airflow/dags/create_student_performance_mart.py
[2026-04-29T05:28:07.525+0000] {processor.py:925} INFO - DAG(s) 'create_student_performance_mart' retrieved from /opt/airflow/dags/create_student_performance_mart.py
[2026-04-29T05:28:07.575+0000] {logging_mixin.py:190} INFO - [2026-04-29T05:28:07.575+0000] {dag.py:3239} INFO - Sync 1 DAGs
[2026-04-29T05:28:07.605+0000] {logging_mixin.py:190} INFO - [2026-04-29T05:28:07.605+0000] {dag.py:4180} INFO - Setting next_dagrun for create_student_performance_mart to None, run_after=None
[2026-04-29T05:28:07.640+0000] {processor.py:208} INFO - Processing /opt/airflow/dags/create_student_performance_mart.py took 0.170 seconds
[2026-04-29T05:28:38.066+0000] {processor.py:186} INFO - Started process (PID=739) to work on /opt/airflow/dags/create_student_performance_mart.py
[2026-04-29T05:28:38.069+0000] {processor.py:914} INFO - Processing file /opt/airflow/dags/create_student_performance_mart.py for tasks to queue
[2026-04-29T05:28:38.076+0000] {logging_mixin.py:190} INFO - [2026-04-29T05:28:38.076+0000] {dagbag.py:588} INFO - Filling up the DagBag from /opt/airflow/dags/create_student_performance_mart.py
[2026-04-29T05:28:38.119+0000] {processor.py:925} INFO - DAG(s) 'create_student_performance_mart' retrieved from /opt/airflow/dags/create_student_performance_mart.py
[2026-04-29T05:28:38.182+0000] {logging_mixin.py:190} INFO - [2026-04-29T05:28:38.181+0000] {dag.py:3239} INFO - Sync 1 DAGs
[2026-04-29T05:28:38.209+0000] {logging_mixin.py:190} INFO - [2026-04-29T05:28:38.209+0000] {dag.py:4180} INFO - Setting next_dagrun for create_student_performance_mart to None, run_after=None
[2026-04-29T05:28:38.244+0000] {processor.py:208} INFO - Processing /opt/airflow/dags/create_student_performance_mart.py took 0.192 seconds
[2026-04-29T05:29:08.591+0000] {processor.py:186} INFO - Started process (PID=755) to work on /opt/airflow/dags/create_student_performance_mart.py
[2026-04-29T05:29:08.594+0000] {processor.py:914} INFO - Processing file /opt/airflow/dags/create_student_performance_mart.py for tasks to queue
[2026-04-29T05:29:08.599+0000] {logging_mixin.py:190} INFO - [2026-04-29T05:29:08.598+0000] {dagbag.py:588} INFO - Filling up the DagBag from /opt/airflow/dags/create_student_performance_mart.py
[2026-04-29T05:29:08.632+0000] {processor.py:925} INFO - DAG(s) 'create_student_performance_mart' retrieved from /opt/airflow/dags/create_student_performance_mart.py
[2026-04-29T05:29:08.687+0000] {logging_mixin.py:190} INFO - [2026-04-29T05:29:08.686+0000] {dag.py:3239} INFO - Sync 1 DAGs
[2026-04-29T05:29:08.716+0000] {logging_mixin.py:190} INFO - [2026-04-29T05:29:08.716+0000] {dag.py:4180} INFO - Setting next_dagrun for create_student_performance_mart to None, run_after=None
[2026-04-29T05:29:08.770+0000] {processor.py:208} INFO - Processing /opt/airflow/dags/create_student_performance_mart.py took 0.194 seconds
[2026-04-29T05:29:39.160+0000] {processor.py:186} INFO - Started process (PID=771) to work on /opt/airflow/dags/create_student_performance_mart.py
[2026-04-29T05:29:39.163+0000] {processor.py:914} INFO - Processing file /opt/airflow/dags/create_student_performance_mart.py for tasks to queue
[2026-04-29T05:29:39.168+0000] {logging_mixin.py:190} INFO - [2026-04-29T05:29:39.168+0000] {dagbag.py:588} INFO - Filling up the DagBag from /opt/airflow/dags/create_student_performance_mart.py
[2026-04-29T05:29:39.211+0000] {processor.py:925} INFO - DAG(s) 'create_student_performance_mart' retrieved from /opt/airflow/dags/create_student_performance_mart.py
[2026-04-29T05:29:39.274+0000] {logging_mixin.py:190} INFO - [2026-04-29T05:29:39.273+0000] {dag.py:3239} INFO - Sync 1 DAGs
[2026-04-29T05:29:39.307+0000] {logging_mixin.py:190} INFO - [2026-04-29T05:29:39.306+0000] {dag.py:4180} INFO - Setting next_dagrun for create_student_performance_mart to None, run_after=None
[2026-04-29T05:29:39.364+0000] {processor.py:208} INFO - Processing /opt/airflow/dags/create_student_performance_mart.py took 0.218 seconds
[2026-04-29T05:30:09.776+0000] {processor.py:186} INFO - Started process (PID=787) to work on /opt/airflow/dags/create_student_performance_mart.py
[2026-04-29T05:30:09.778+0000] {processor.py:914} INFO - Processing file /opt/airflow/dags/create_student_performance_mart.py for tasks to queue
[2026-04-29T05:30:09.782+0000] {logging_mixin.py:190} INFO - [2026-04-29T05:30:09.782+0000] {dagbag.py:588} INFO - Filling up the DagBag from /opt/airflow/dags/create_student_performance_mart.py
[2026-04-29T05:30:09.811+0000] {processor.py:925} INFO - DAG(s) 'create_student_performance_mart' retrieved from /opt/airflow/dags/create_student_performance_mart.py
[2026-04-29T05:30:09.859+0000] {logging_mixin.py:190} INFO - [2026-04-29T05:30:09.858+0000] {dag.py:3239} INFO - Sync 1 DAGs
[2026-04-29T05:30:09.884+0000] {logging_mixin.py:190} INFO - [2026-04-29T05:30:09.883+0000] {dag.py:4180} INFO - Setting next_dagrun for create_student_performance_mart to None, run_after=None
[2026-04-29T05:30:09.933+0000] {processor.py:208} INFO - Processing /opt/airflow/dags/create_student_performance_mart.py took 0.170 seconds
[2026-04-29T05:30:40.433+0000] {processor.py:186} INFO - Started process (PID=803) to work on /opt/airflow/dags/create_student_performance_mart.py
[2026-04-29T05:30:40.436+0000] {processor.py:914} INFO - Processing file /opt/airflow/dags/create_student_performance_mart.py for tasks to queue
[2026-04-29T05:30:40.442+0000] {logging_mixin.py:190} INFO - [2026-04-29T05:30:40.441+0000] {dagbag.py:588} INFO - Filling up the DagBag from /opt/airflow/dags/create_student_performance_mart.py
[2026-04-29T05:30:40.474+0000] {processor.py:925} INFO - DAG(s) 'create_student_performance_mart' retrieved from /opt/airflow/dags/create_student_performance_mart.py
[2026-04-29T05:30:40.529+0000] {logging_mixin.py:190} INFO - [2026-04-29T05:30:40.529+0000] {dag.py:3239} INFO - Sync 1 DAGs
[2026-04-29T05:30:40.558+0000] {logging_mixin.py:190} INFO - [2026-04-29T05:30:40.558+0000] {dag.py:4180} INFO - Setting next_dagrun for create_student_performance_mart to None, run_after=None
[2026-04-29T05:30:40.615+0000] {processor.py:208} INFO - Processing /opt/airflow/dags/create_student_performance_mart.py took 0.194 seconds
[2026-04-29T05:31:10.965+0000] {processor.py:186} INFO - Started process (PID=819) to work on /opt/airflow/dags/create_student_performance_mart.py
[2026-04-29T05:31:10.967+0000] {processor.py:914} INFO - Processing file /opt/airflow/dags/create_student_performance_mart.py for tasks to queue
[2026-04-29T05:31:10.973+0000] {logging_mixin.py:190} INFO - [2026-04-29T05:31:10.973+0000] {dagbag.py:588} INFO - Filling up the DagBag from /opt/airflow/dags/create_student_performance_mart.py
[2026-04-29T05:31:11.009+0000] {processor.py:925} INFO - DAG(s) 'create_student_performance_mart' retrieved from /opt/airflow/dags/create_student_performance_mart.py
[2026-04-29T05:31:11.059+0000] {logging_mixin.py:190} INFO - [2026-04-29T05:31:11.059+0000] {dag.py:3239} INFO - Sync 1 DAGs
[2026-04-29T05:31:11.086+0000] {logging_mixin.py:190} INFO - [2026-04-29T05:31:11.086+0000] {dag.py:4180} INFO - Setting next_dagrun for create_student_performance_mart to None, run_after=None
[2026-04-29T05:31:11.141+0000] {processor.py:208} INFO - Processing /opt/airflow/dags/create_student_performance_mart.py took 0.188 seconds
[2026-04-29T05:31:41.519+0000] {processor.py:186} INFO - Started process (PID=835) to work on /opt/airflow/dags/create_student_performance_mart.py
[2026-04-29T05:31:41.521+0000] {processor.py:914} INFO - Processing file /opt/airflow/dags/create_student_performance_mart.py for tasks to queue
[2026-04-29T05:31:41.527+0000] {logging_mixin.py:190} INFO - [2026-04-29T05:31:41.527+0000] {dagbag.py:588} INFO - Filling up the DagBag from /opt/airflow/dags/create_student_performance_mart.py
[2026-04-29T05:31:41.557+0000] {processor.py:925} INFO - DAG(s) 'create_student_performance_mart' retrieved from /opt/airflow/dags/create_student_performance_mart.py
[2026-04-29T05:31:41.604+0000] {logging_mixin.py:190} INFO - [2026-04-29T05:31:41.603+0000] {dag.py:3239} INFO - Sync 1 DAGs
[2026-04-29T05:31:41.628+0000] {logging_mixin.py:190} INFO - [2026-04-29T05:31:41.627+0000] {dag.py:4180} INFO - Setting next_dagrun for create_student_performance_mart to None, run_after=None
[2026-04-29T05:31:41.679+0000] {processor.py:208} INFO - Processing /opt/airflow/dags/create_student_performance_mart.py took 0.174 seconds
[2026-04-29T05:32:12.022+0000] {processor.py:186} INFO - Started process (PID=851) to work on /opt/airflow/dags/create_student_performance_mart.py
[2026-04-29T05:32:12.023+0000] {processor.py:914} INFO - Processing file /opt/airflow/dags/create_student_performance_mart.py for tasks to queue
[2026-04-29T05:32:12.027+0000] {logging_mixin.py:190} INFO - [2026-04-29T05:32:12.026+0000] {dagbag.py:588} INFO - Filling up the DagBag from /opt/airflow/dags/create_student_performance_mart.py
[2026-04-29T05:32:12.056+0000] {processor.py:925} INFO - DAG(s) 'create_student_performance_mart' retrieved from /opt/airflow/dags/create_student_performance_mart.py
[2026-04-29T05:32:12.106+0000] {logging_mixin.py:190} INFO - [2026-04-29T05:32:12.105+0000] {dag.py:3239} INFO - Sync 1 DAGs
[2026-04-29T05:32:12.129+0000] {logging_mixin.py:190} INFO - [2026-04-29T05:32:12.129+0000] {dag.py:4180} INFO - Setting next_dagrun for create_student_performance_mart to None, run_after=None
[2026-04-29T05:32:12.159+0000] {processor.py:208} INFO - Processing /opt/airflow/dags/create_student_performance_mart.py took 0.147 seconds
[2026-04-29T05:32:42.496+0000] {processor.py:186} INFO - Started process (PID=867) to work on /opt/airflow/dags/create_student_performance_mart.py
[2026-04-29T05:32:42.506+0000] {processor.py:914} INFO - Processing file /opt/airflow/dags/create_student_performance_mart.py for tasks to queue
[2026-04-29T05:32:42.513+0000] {logging_mixin.py:190} INFO - [2026-04-29T05:32:42.512+0000] {dagbag.py:588} INFO - Filling up the DagBag from /opt/airflow/dags/create_student_performance_mart.py
[2026-04-29T05:32:42.555+0000] {processor.py:925} INFO - DAG(s) 'create_student_performance_mart' retrieved from /opt/airflow/dags/create_student_performance_mart.py
[2026-04-29T05:32:42.603+0000] {logging_mixin.py:190} INFO - [2026-04-29T05:32:42.602+0000] {dag.py:3239} INFO - Sync 1 DAGs
[2026-04-29T05:32:42.629+0000] {logging_mixin.py:190} INFO - [2026-04-29T05:32:42.629+0000] {dag.py:4180} INFO - Setting next_dagrun for create_student_performance_mart to None, run_after=None
[2026-04-29T05:32:42.666+0000] {processor.py:208} INFO - Processing /opt/airflow/dags/create_student_performance_mart.py took 0.197 seconds
[2026-04-29T05:33:13.036+0000] {processor.py:186} INFO - Started process (PID=883) to work on /opt/airflow/dags/create_student_performance_mart.py
[2026-04-29T05:33:13.037+0000] {processor.py:914} INFO - Processing file /opt/airflow/dags/create_student_performance_mart.py for tasks to queue
[2026-04-29T05:33:13.041+0000] {logging_mixin.py:190} INFO - [2026-04-29T05:33:13.041+0000] {dagbag.py:588} INFO - Filling up the DagBag from /opt/airflow/dags/create_student_performance_mart.py
[2026-04-29T05:33:13.073+0000] {processor.py:925} INFO - DAG(s) 'create_student_performance_mart' retrieved from /opt/airflow/dags/create_student_performance_mart.py
[2026-04-29T05:33:13.123+0000] {logging_mixin.py:190} INFO - [2026-04-29T05:33:13.122+0000] {dag.py:3239} INFO - Sync 1 DAGs
[2026-04-29T05:33:13.150+0000] {logging_mixin.py:190} INFO - [2026-04-29T05:33:13.149+0000] {dag.py:4180} INFO - Setting next_dagrun for create_student_performance_mart to None, run_after=None
[2026-04-29T05:33:13.202+0000] {processor.py:208} INFO - Processing /opt/airflow/dags/create_student_performance_mart.py took 0.177 seconds
[2026-04-29T05:33:43.572+0000] {processor.py:186} INFO - Started process (PID=899) to work on /opt/airflow/dags/create_student_performance_mart.py
[2026-04-29T05:33:43.575+0000] {processor.py:914} INFO - Processing file /opt/airflow/dags/create_student_performance_mart.py for tasks to queue
[2026-04-29T05:33:43.580+0000] {logging_mixin.py:190} INFO - [2026-04-29T05:33:43.579+0000] {dagbag.py:588} INFO - Filling up the DagBag from /opt/airflow/dags/create_student_performance_mart.py
[2026-04-29T05:33:43.609+0000] {processor.py:925} INFO - DAG(s) 'create_student_performance_mart' retrieved from /opt/airflow/dags/create_student_performance_mart.py
[2026-04-29T05:33:43.665+0000] {logging_mixin.py:190} INFO - [2026-04-29T05:33:43.664+0000] {dag.py:3239} INFO - Sync 1 DAGs
[2026-04-29T05:33:43.693+0000] {logging_mixin.py:190} INFO - [2026-04-29T05:33:43.693+0000] {dag.py:4180} INFO - Setting next_dagrun for create_student_performance_mart to None, run_after=None
[2026-04-29T05:33:43.732+0000] {processor.py:208} INFO - Processing /opt/airflow/dags/create_student_performance_mart.py took 0.171 seconds
[2026-04-29T05:34:14.214+0000] {processor.py:186} INFO - Started process (PID=915) to work on /opt/airflow/dags/create_student_performance_mart.py
[2026-04-29T05:34:14.216+0000] {processor.py:914} INFO - Processing file /opt/airflow/dags/create_student_performance_mart.py for tasks to queue
[2026-04-29T05:34:14.221+0000] {logging_mixin.py:190} INFO - [2026-04-29T05:34:14.220+0000] {dagbag.py:588} INFO - Filling up the DagBag from /opt/airflow/dags/create_student_performance_mart.py
[2026-04-29T05:34:14.251+0000] {processor.py:925} INFO - DAG(s) 'create_student_performance_mart' retrieved from /opt/airflow/dags/create_student_performance_mart.py
[2026-04-29T05:34:14.300+0000] {logging_mixin.py:190} INFO - [2026-04-29T05:34:14.299+0000] {dag.py:3239} INFO - Sync 1 DAGs
[2026-04-29T05:34:14.328+0000] {logging_mixin.py:190} INFO - [2026-04-29T05:34:14.328+0000] {dag.py:4180} INFO - Setting next_dagrun for create_student_performance_mart to None, run_after=None
[2026-04-29T05:34:14.362+0000] {processor.py:208} INFO - Processing /opt/airflow/dags/create_student_performance_mart.py took 0.161 seconds
[2026-04-29T05:34:44.779+0000] {processor.py:186} INFO - Started process (PID=931) to work on /opt/airflow/dags/create_student_performance_mart.py
[2026-04-29T05:34:44.782+0000] {processor.py:914} INFO - Processing file /opt/airflow/dags/create_student_performance_mart.py for tasks to queue
[2026-04-29T05:34:44.788+0000] {logging_mixin.py:190} INFO - [2026-04-29T05:34:44.787+0000] {dagbag.py:588} INFO - Filling up the DagBag from /opt/airflow/dags/create_student_performance_mart.py
[2026-04-29T05:34:44.825+0000] {processor.py:925} INFO - DAG(s) 'create_student_performance_mart' retrieved from /opt/airflow/dags/create_student_performance_mart.py
[2026-04-29T05:34:44.888+0000] {logging_mixin.py:190} INFO - [2026-04-29T05:34:44.887+0000] {dag.py:3239} INFO - Sync 1 DAGs
[2026-04-29T05:34:44.912+0000] {logging_mixin.py:190} INFO - [2026-04-29T05:34:44.912+0000] {dag.py:4180} INFO - Setting next_dagrun for create_student_performance_mart to None, run_after=None
[2026-04-29T05:34:44.946+0000] {processor.py:208} INFO - Processing /opt/airflow/dags/create_student_performance_mart.py took 0.180 seconds
[2026-04-29T05:35:15.359+0000] {processor.py:186} INFO - Started process (PID=947) to work on /opt/airflow/dags/create_student_performance_mart.py
[2026-04-29T05:35:15.361+0000] {processor.py:914} INFO - Processing file /opt/airflow/dags/create_student_performance_mart.py for tasks to queue
[2026-04-29T05:35:15.366+0000] {logging_mixin.py:190} INFO - [2026-04-29T05:35:15.365+0000] {dagbag.py:588} INFO - Filling up the DagBag from /opt/airflow/dags/create_student_performance_mart.py
[2026-04-29T05:35:15.394+0000] {processor.py:925} INFO - DAG(s) 'create_student_performance_mart' retrieved from /opt/airflow/dags/create_student_performance_mart.py
[2026-04-29T05:35:15.447+0000] {logging_mixin.py:190} INFO - [2026-04-29T05:35:15.446+0000] {dag.py:3239} INFO - Sync 1 DAGs
[2026-04-29T05:35:15.471+0000] {logging_mixin.py:190} INFO - [2026-04-29T05:35:15.471+0000] {dag.py:4180} INFO - Setting next_dagrun for create_student_performance_mart to None, run_after=None
[2026-04-29T05:35:15.506+0000] {processor.py:208} INFO - Processing /opt/airflow/dags/create_student_performance_mart.py took 0.159 seconds
[2026-04-29T05:35:45.938+0000] {processor.py:186} INFO - Started process (PID=963) to work on /opt/airflow/dags/create_student_performance_mart.py
[2026-04-29T05:35:45.941+0000] {processor.py:914} INFO - Processing file /opt/airflow/dags/create_student_performance_mart.py for tasks to queue
[2026-04-29T05:35:45.946+0000] {logging_mixin.py:190} INFO - [2026-04-29T05:35:45.946+0000] {dagbag.py:588} INFO - Filling up the DagBag from /opt/airflow/dags/create_student_performance_mart.py
[2026-04-29T05:35:45.975+0000] {processor.py:925} INFO - DAG(s) 'create_student_performance_mart' retrieved from /opt/airflow/dags/create_student_performance_mart.py
[2026-04-29T05:35:46.020+0000] {logging_mixin.py:190} INFO - [2026-04-29T05:35:46.020+0000] {dag.py:3239} INFO - Sync 1 DAGs
[2026-04-29T05:35:46.043+0000] {logging_mixin.py:190} INFO - [2026-04-29T05:35:46.042+0000] {dag.py:4180} INFO - Setting next_dagrun for create_student_performance_mart to None, run_after=None
[2026-04-29T05:35:46.093+0000] {processor.py:208} INFO - Processing /opt/airflow/dags/create_student_performance_mart.py took 0.170 seconds
[2026-04-29T05:36:16.432+0000] {processor.py:186} INFO - Started process (PID=979) to work on /opt/airflow/dags/create_student_performance_mart.py
[2026-04-29T05:36:16.434+0000] {processor.py:914} INFO - Processing file /opt/airflow/dags/create_student_performance_mart.py for tasks to queue
[2026-04-29T05:36:16.439+0000] {logging_mixin.py:190} INFO - [2026-04-29T05:36:16.438+0000] {dagbag.py:588} INFO - Filling up the DagBag from /opt/airflow/dags/create_student_performance_mart.py
[2026-04-29T05:36:16.467+0000] {processor.py:925} INFO - DAG(s) 'create_student_performance_mart' retrieved from /opt/airflow/dags/create_student_performance_mart.py
[2026-04-29T05:36:16.516+0000] {logging_mixin.py:190} INFO - [2026-04-29T05:36:16.515+0000] {dag.py:3239} INFO - Sync 1 DAGs
[2026-04-29T05:36:16.541+0000] {logging_mixin.py:190} INFO - [2026-04-29T05:36:16.541+0000] {dag.py:4180} INFO - Setting next_dagrun for create_student_performance_mart to None, run_after=None
[2026-04-29T05:36:16.572+0000] {processor.py:208} INFO - Processing /opt/airflow/dags/create_student_performance_mart.py took 0.153 seconds
[2026-04-29T05:36:46.936+0000] {processor.py:186} INFO - Started process (PID=995) to work on /opt/airflow/dags/create_student_performance_mart.py
[2026-04-29T05:36:46.938+0000] {processor.py:914} INFO - Processing file /opt/airflow/dags/create_student_performance_mart.py for tasks to queue
[2026-04-29T05:36:46.944+0000] {logging_mixin.py:190} INFO - [2026-04-29T05:36:46.943+0000] {dagbag.py:588} INFO - Filling up the DagBag from /opt/airflow/dags/create_student_performance_mart.py
[2026-04-29T05:36:46.975+0000] {processor.py:925} INFO - DAG(s) 'create_student_performance_mart' retrieved from /opt/airflow/dags/create_student_performance_mart.py
[2026-04-29T05:36:47.022+0000] {logging_mixin.py:190} INFO - [2026-04-29T05:36:47.022+0000] {dag.py:3239} INFO - Sync 1 DAGs
[2026-04-29T05:36:47.057+0000] {logging_mixin.py:190} INFO - [2026-04-29T05:36:47.057+0000] {dag.py:4180} INFO - Setting next_dagrun for create_student_performance_mart to None, run_after=None
[2026-04-29T05:36:47.118+0000] {processor.py:208} INFO - Processing /opt/airflow/dags/create_student_performance_mart.py took 0.194 seconds
[2026-04-29T05:37:17.398+0000] {processor.py:186} INFO - Started process (PID=1011) to work on /opt/airflow/dags/create_student_performance_mart.py
[2026-04-29T05:37:17.400+0000] {processor.py:914} INFO - Processing file /opt/airflow/dags/create_student_performance_mart.py for tasks to queue
[2026-04-29T05:37:17.405+0000] {logging_mixin.py:190} INFO - [2026-04-29T05:37:17.405+0000] {dagbag.py:588} INFO - Filling up the DagBag from /opt/airflow/dags/create_student_performance_mart.py
[2026-04-29T05:37:17.439+0000] {processor.py:925} INFO - DAG(s) 'create_student_performance_mart' retrieved from /opt/airflow/dags/create_student_performance_mart.py
[2026-04-29T05:37:17.493+0000] {logging_mixin.py:190} INFO - [2026-04-29T05:37:17.492+0000] {dag.py:3239} INFO - Sync 1 DAGs
[2026-04-29T05:37:17.518+0000] {logging_mixin.py:190} INFO - [2026-04-29T05:37:17.517+0000] {dag.py:4180} INFO - Setting next_dagrun for create_student_performance_mart to None, run_after=None
[2026-04-29T05:37:17.548+0000] {processor.py:208} INFO - Processing /opt/airflow/dags/create_student_performance_mart.py took 0.171 seconds
[2026-04-29T05:37:47.994+0000] {processor.py:186} INFO - Started process (PID=1027) to work on /opt/airflow/dags/create_student_performance_mart.py
[2026-04-29T05:37:47.998+0000] {processor.py:914} INFO - Processing file /opt/airflow/dags/create_student_performance_mart.py for tasks to queue
[2026-04-29T05:37:48.003+0000] {logging_mixin.py:190} INFO - [2026-04-29T05:37:48.002+0000] {dagbag.py:588} INFO - Filling up the DagBag from /opt/airflow/dags/create_student_performance_mart.py
[2026-04-29T05:37:48.032+0000] {processor.py:925} INFO - DAG(s) 'create_student_performance_mart' retrieved from /opt/airflow/dags/create_student_performance_mart.py
[2026-04-29T05:37:48.077+0000] {logging_mixin.py:190} INFO - [2026-04-29T05:37:48.077+0000] {dag.py:3239} INFO - Sync 1 DAGs
[2026-04-29T05:37:48.107+0000] {logging_mixin.py:190} INFO - [2026-04-29T05:37:48.106+0000] {dag.py:4180} INFO - Setting next_dagrun for create_student_performance_mart to None, run_after=None
[2026-04-29T05:37:48.158+0000] {processor.py:208} INFO - Processing /opt/airflow/dags/create_student_performance_mart.py took 0.182 seconds
[2026-04-29T05:38:18.488+0000] {processor.py:186} INFO - Started process (PID=1043) to work on /opt/airflow/dags/create_student_performance_mart.py
[2026-04-29T05:38:18.490+0000] {processor.py:914} INFO - Processing file /opt/airflow/dags/create_student_performance_mart.py for tasks to queue
[2026-04-29T05:38:18.496+0000] {logging_mixin.py:190} INFO - [2026-04-29T05:38:18.495+0000] {dagbag.py:588} INFO - Filling up the DagBag from /opt/airflow/dags/create_student_performance_mart.py
[2026-04-29T05:38:18.523+0000] {processor.py:925} INFO - DAG(s) 'create_student_performance_mart' retrieved from /opt/airflow/dags/create_student_performance_mart.py
[2026-04-29T05:38:18.572+0000] {logging_mixin.py:190} INFO - [2026-04-29T05:38:18.572+0000] {dag.py:3239} INFO - Sync 1 DAGs
[2026-04-29T05:38:18.604+0000] {logging_mixin.py:190} INFO - [2026-04-29T05:38:18.603+0000] {dag.py:4180} INFO - Setting next_dagrun for create_student_performance_mart to None, run_after=None
[2026-04-29T05:38:18.660+0000] {processor.py:208} INFO - Processing /opt/airflow/dags/create_student_performance_mart.py took 0.186 seconds
[2026-04-29T05:38:49.051+0000] {processor.py:186} INFO - Started process (PID=1059) to work on /opt/airflow/dags/create_student_performance_mart.py
[2026-04-29T05:38:49.054+0000] {processor.py:914} INFO - Processing file /opt/airflow/dags/create_student_performance_mart.py for tasks to queue
[2026-04-29T05:38:49.060+0000] {logging_mixin.py:190} INFO - [2026-04-29T05:38:49.059+0000] {dagbag.py:588} INFO - Filling up the DagBag from /opt/airflow/dags/create_student_performance_mart.py
[2026-04-29T05:38:49.087+0000] {processor.py:925} INFO - DAG(s) 'create_student_performance_mart' retrieved from /opt/airflow/dags/create_student_performance_mart.py
[2026-04-29T05:38:49.136+0000] {logging_mixin.py:190} INFO - [2026-04-29T05:38:49.135+0000] {dag.py:3239} INFO - Sync 1 DAGs
[2026-04-29T05:38:49.165+0000] {logging_mixin.py:190} INFO - [2026-04-29T05:38:49.164+0000] {dag.py:4180} INFO - Setting next_dagrun for create_student_performance_mart to None, run_after=None
[2026-04-29T05:38:49.198+0000] {processor.py:208} INFO - Processing /opt/airflow/dags/create_student_performance_mart.py took 0.165 seconds
[2026-04-29T05:39:19.647+0000] {processor.py:186} INFO - Started process (PID=1075) to work on /opt/airflow/dags/create_student_performance_mart.py
[2026-04-29T05:39:19.650+0000] {processor.py:914} INFO - Processing file /opt/airflow/dags/create_student_performance_mart.py for tasks to queue
[2026-04-29T05:39:19.655+0000] {logging_mixin.py:190} INFO - [2026-04-29T05:39:19.655+0000] {dagbag.py:588} INFO - Filling up the DagBag from /opt/airflow/dags/create_student_performance_mart.py
[2026-04-29T05:39:19.685+0000] {processor.py:925} INFO - DAG(s) 'create_student_performance_mart' retrieved from /opt/airflow/dags/create_student_performance_mart.py
[2026-04-29T05:39:19.731+0000] {logging_mixin.py:190} INFO - [2026-04-29T05:39:19.731+0000] {dag.py:3239} INFO - Sync 1 DAGs
[2026-04-29T05:39:19.760+0000] {logging_mixin.py:190} INFO - [2026-04-29T05:39:19.760+0000] {dag.py:4180} INFO - Setting next_dagrun for create_student_performance_mart to None, run_after=None
[2026-04-29T05:39:19.813+0000] {processor.py:208} INFO - Processing /opt/airflow/dags/create_student_performance_mart.py took 0.182 seconds
[2026-04-29T05:39:50.002+0000] {processor.py:186} INFO - Started process (PID=1091) to work on /opt/airflow/dags/create_student_performance_mart.py
[2026-04-29T05:39:50.004+0000] {processor.py:914} INFO - Processing file /opt/airflow/dags/create_student_performance_mart.py for tasks to queue
[2026-04-29T05:39:50.008+0000] {logging_mixin.py:190} INFO - [2026-04-29T05:39:50.008+0000] {dagbag.py:588} INFO - Filling up the DagBag from /opt/airflow/dags/create_student_performance_mart.py
[2026-04-29T05:39:50.036+0000] {processor.py:925} INFO - DAG(s) 'create_student_performance_mart' retrieved from /opt/airflow/dags/create_student_performance_mart.py
[2026-04-29T05:39:50.081+0000] {logging_mixin.py:190} INFO - [2026-04-29T05:39:50.080+0000] {dag.py:3239} INFO - Sync 1 DAGs
[2026-04-29T05:39:50.105+0000] {logging_mixin.py:190} INFO - [2026-04-29T05:39:50.105+0000] {dag.py:4180} INFO - Setting next_dagrun for create_student_performance_mart to None, run_after=None
[2026-04-29T05:39:50.159+0000] {processor.py:208} INFO - Processing /opt/airflow/dags/create_student_performance_mart.py took 0.171 seconds
[2026-04-29T05:40:20.548+0000] {processor.py:186} INFO - Started process (PID=1107) to work on /opt/airflow/dags/create_student_performance_mart.py
[2026-04-29T05:40:20.552+0000] {processor.py:914} INFO - Processing file /opt/airflow/dags/create_student_performance_mart.py for tasks to queue
[2026-04-29T05:40:20.558+0000] {logging_mixin.py:190} INFO - [2026-04-29T05:40:20.557+0000] {dagbag.py:588} INFO - Filling up the DagBag from /opt/airflow/dags/create_student_performance_mart.py
[2026-04-29T05:40:20.589+0000] {processor.py:925} INFO - DAG(s) 'create_student_performance_mart' retrieved from /opt/airflow/dags/create_student_performance_mart.py
[2026-04-29T05:40:20.638+0000] {logging_mixin.py:190} INFO - [2026-04-29T05:40:20.638+0000] {dag.py:3239} INFO - Sync 1 DAGs
[2026-04-29T05:40:20.664+0000] {logging_mixin.py:190} INFO - [2026-04-29T05:40:20.664+0000] {dag.py:4180} INFO - Setting next_dagrun for create_student_performance_mart to None, run_after=None
[2026-04-29T05:40:20.716+0000] {processor.py:208} INFO - Processing /opt/airflow/dags/create_student_performance_mart.py took 0.182 seconds
[2026-04-29T05:40:51.202+0000] {processor.py:186} INFO - Started process (PID=1123) to work on /opt/airflow/dags/create_student_performance_mart.py
[2026-04-29T05:40:51.205+0000] {processor.py:914} INFO - Processing file /opt/airflow/dags/create_student_performance_mart.py for tasks to queue
[2026-04-29T05:40:51.209+0000] {logging_mixin.py:190} INFO - [2026-04-29T05:40:51.209+0000] {dagbag.py:588} INFO - Filling up the DagBag from /opt/airflow/dags/create_student_performance_mart.py
[2026-04-29T05:40:51.246+0000] {processor.py:925} INFO - DAG(s) 'create_student_performance_mart' retrieved from /opt/airflow/dags/create_student_performance_mart.py
[2026-04-29T05:40:51.301+0000] {logging_mixin.py:190} INFO - [2026-04-29T05:40:51.300+0000] {dag.py:3239} INFO - Sync 1 DAGs
[2026-04-29T05:40:51.343+0000] {logging_mixin.py:190} INFO - [2026-04-29T05:40:51.342+0000] {dag.py:4180} INFO - Setting next_dagrun for create_student_performance_mart to None, run_after=None
[2026-04-29T05:40:51.403+0000] {processor.py:208} INFO - Processing /opt/airflow/dags/create_student_performance_mart.py took 0.213 seconds
[2026-04-29T05:41:21.817+0000] {processor.py:186} INFO - Started process (PID=1145) to work on /opt/airflow/dags/create_student_performance_mart.py
[2026-04-29T05:41:21.825+0000] {processor.py:914} INFO - Processing file /opt/airflow/dags/create_student_performance_mart.py for tasks to queue
[2026-04-29T05:41:21.834+0000] {logging_mixin.py:190} INFO - [2026-04-29T05:41:21.833+0000] {dagbag.py:588} INFO - Filling up the DagBag from /opt/airflow/dags/create_student_performance_mart.py
[2026-04-29T05:41:21.892+0000] {processor.py:925} INFO - DAG(s) 'create_student_performance_mart' retrieved from /opt/airflow/dags/create_student_performance_mart.py
[2026-04-29T05:41:21.962+0000] {logging_mixin.py:190} INFO - [2026-04-29T05:41:21.961+0000] {dag.py:3239} INFO - Sync 1 DAGs
[2026-04-29T05:41:21.993+0000] {logging_mixin.py:190} INFO - [2026-04-29T05:41:21.993+0000] {dag.py:4180} INFO - Setting next_dagrun for create_student_performance_mart to None, run_after=None
[2026-04-29T05:41:22.027+0000] {processor.py:208} INFO - Processing /opt/airflow/dags/create_student_performance_mart.py took 0.221 seconds
[2026-04-29T05:41:52.405+0000] {processor.py:186} INFO - Started process (PID=1161) to work on /opt/airflow/dags/create_student_performance_mart.py
[2026-04-29T05:41:52.408+0000] {processor.py:914} INFO - Processing file /opt/airflow/dags/create_student_performance_mart.py for tasks to queue
[2026-04-29T05:41:52.413+0000] {logging_mixin.py:190} INFO - [2026-04-29T05:41:52.412+0000] {dagbag.py:588} INFO - Filling up the DagBag from /opt/airflow/dags/create_student_performance_mart.py
[2026-04-29T05:41:52.440+0000] {processor.py:925} INFO - DAG(s) 'create_student_performance_mart' retrieved from /opt/airflow/dags/create_student_performance_mart.py
[2026-04-29T05:41:52.483+0000] {logging_mixin.py:190} INFO - [2026-04-29T05:41:52.483+0000] {dag.py:3239} INFO - Sync 1 DAGs
[2026-04-29T05:41:52.509+0000] {logging_mixin.py:190} INFO - [2026-04-29T05:41:52.508+0000] {dag.py:4180} INFO - Setting next_dagrun for create_student_performance_mart to None, run_after=None
[2026-04-29T05:41:52.562+0000] {processor.py:208} INFO - Processing /opt/airflow/dags/create_student_performance_mart.py took 0.168 seconds
[2026-04-29T05:42:23.014+0000] {processor.py:186} INFO - Started process (PID=1177) to work on /opt/airflow/dags/create_student_performance_mart.py
[2026-04-29T05:42:23.017+0000] {processor.py:914} INFO - Processing file /opt/airflow/dags/create_student_performance_mart.py for tasks to queue
[2026-04-29T05:42:23.025+0000] {logging_mixin.py:190} INFO - [2026-04-29T05:42:23.024+0000] {dagbag.py:588} INFO - Filling up the DagBag from /opt/airflow/dags/create_student_performance_mart.py
[2026-04-29T05:42:23.060+0000] {processor.py:925} INFO - DAG(s) 'create_student_performance_mart' retrieved from /opt/airflow/dags/create_student_performance_mart.py
[2026-04-29T05:42:23.113+0000] {logging_mixin.py:190} INFO - [2026-04-29T05:42:23.112+0000] {dag.py:3239} INFO - Sync 1 DAGs
[2026-04-29T05:42:23.145+0000] {logging_mixin.py:190} INFO - [2026-04-29T05:42:23.144+0000] {dag.py:4180} INFO - Setting next_dagrun for create_student_performance_mart to None, run_after=None
[2026-04-29T05:42:23.205+0000] {processor.py:208} INFO - Processing /opt/airflow/dags/create_student_performance_mart.py took 0.213 seconds
[2026-04-29T05:42:53.573+0000] {processor.py:186} INFO - Started process (PID=1194) to work on /opt/airflow/dags/create_student_performance_mart.py
[2026-04-29T05:42:53.574+0000] {processor.py:914} INFO - Processing file /opt/airflow/dags/create_student_performance_mart.py for tasks to queue
[2026-04-29T05:42:53.579+0000] {logging_mixin.py:190} INFO - [2026-04-29T05:42:53.579+0000] {dagbag.py:588} INFO - Filling up the DagBag from /opt/airflow/dags/create_student_performance_mart.py
[2026-04-29T05:42:53.609+0000] {processor.py:925} INFO - DAG(s) 'create_student_performance_mart' retrieved from /opt/airflow/dags/create_student_performance_mart.py
[2026-04-29T05:42:53.649+0000] {logging_mixin.py:190} INFO - [2026-04-29T05:42:53.649+0000] {dag.py:3239} INFO - Sync 1 DAGs
[2026-04-29T05:42:53.674+0000] {logging_mixin.py:190} INFO - [2026-04-29T05:42:53.673+0000] {dag.py:4180} INFO - Setting next_dagrun for create_student_performance_mart to None, run_after=None
[2026-04-29T05:42:53.726+0000] {processor.py:208} INFO - Processing /opt/airflow/dags/create_student_performance_mart.py took 0.165 seconds
[2026-04-29T05:43:24.097+0000] {processor.py:186} INFO - Started process (PID=1210) to work on /opt/airflow/dags/create_student_performance_mart.py
[2026-04-29T05:43:24.099+0000] {processor.py:914} INFO - Processing file /opt/airflow/dags/create_student_performance_mart.py for tasks to queue
[2026-04-29T05:43:24.103+0000] {logging_mixin.py:190} INFO - [2026-04-29T05:43:24.102+0000] {dagbag.py:588} INFO - Filling up the DagBag from /opt/airflow/dags/create_student_performance_mart.py
[2026-04-29T05:43:24.129+0000] {processor.py:925} INFO - DAG(s) 'create_student_performance_mart' retrieved from /opt/airflow/dags/create_student_performance_mart.py
[2026-04-29T05:43:24.178+0000] {logging_mixin.py:190} INFO - [2026-04-29T05:43:24.178+0000] {dag.py:3239} INFO - Sync 1 DAGs
[2026-04-29T05:43:24.205+0000] {logging_mixin.py:190} INFO - [2026-04-29T05:43:24.204+0000] {dag.py:4180} INFO - Setting next_dagrun for create_student_performance_mart to None, run_after=None
[2026-04-29T05:43:24.256+0000] {processor.py:208} INFO - Processing /opt/airflow/dags/create_student_performance_mart.py took 0.171 seconds
[2026-04-29T05:43:54.613+0000] {processor.py:186} INFO - Started process (PID=1226) to work on /opt/airflow/dags/create_student_performance_mart.py
[2026-04-29T05:43:54.617+0000] {processor.py:914} INFO - Processing file /opt/airflow/dags/create_student_performance_mart.py for tasks to queue
[2026-04-29T05:43:54.624+0000] {logging_mixin.py:190} INFO - [2026-04-29T05:43:54.623+0000] {dagbag.py:588} INFO - Filling up the DagBag from /opt/airflow/dags/create_student_performance_mart.py
[2026-04-29T05:43:54.658+0000] {processor.py:925} INFO - DAG(s) 'create_student_performance_mart' retrieved from /opt/airflow/dags/create_student_performance_mart.py
[2026-04-29T05:43:54.708+0000] {logging_mixin.py:190} INFO - [2026-04-29T05:43:54.707+0000] {dag.py:3239} INFO - Sync 1 DAGs
[2026-04-29T05:43:54.741+0000] {logging_mixin.py:190} INFO - [2026-04-29T05:43:54.741+0000] {dag.py:4180} INFO - Setting next_dagrun for create_student_performance_mart to None, run_after=None
[2026-04-29T05:43:54.772+0000] {processor.py:208} INFO - Processing /opt/airflow/dags/create_student_performance_mart.py took 0.173 seconds
[2026-04-29T05:44:25.137+0000] {processor.py:186} INFO - Started process (PID=1242) to work on /opt/airflow/dags/create_student_performance_mart.py
[2026-04-29T05:44:25.139+0000] {processor.py:914} INFO - Processing file /opt/airflow/dags/create_student_performance_mart.py for tasks to queue
[2026-04-29T05:44:25.144+0000] {logging_mixin.py:190} INFO - [2026-04-29T05:44:25.143+0000] {dagbag.py:588} INFO - Filling up the DagBag from /opt/airflow/dags/create_student_performance_mart.py
[2026-04-29T05:44:25.177+0000] {processor.py:925} INFO - DAG(s) 'create_student_performance_mart' retrieved from /opt/airflow/dags/create_student_performance_mart.py
[2026-04-29T05:44:25.228+0000] {logging_mixin.py:190} INFO - [2026-04-29T05:44:25.227+0000] {dag.py:3239} INFO - Sync 1 DAGs
[2026-04-29T05:44:25.260+0000] {logging_mixin.py:190} INFO - [2026-04-29T05:44:25.260+0000] {dag.py:4180} INFO - Setting next_dagrun for create_student_performance_mart to None, run_after=None
[2026-04-29T05:44:25.314+0000] {processor.py:208} INFO - Processing /opt/airflow/dags/create_student_performance_mart.py took 0.190 seconds
[2026-04-29T05:44:55.487+0000] {processor.py:186} INFO - Started process (PID=1258) to work on /opt/airflow/dags/create_student_performance_mart.py
[2026-04-29T05:44:55.489+0000] {processor.py:914} INFO - Processing file /opt/airflow/dags/create_student_performance_mart.py for tasks to queue
[2026-04-29T05:44:55.494+0000] {logging_mixin.py:190} INFO - [2026-04-29T05:44:55.493+0000] {dagbag.py:588} INFO - Filling up the DagBag from /opt/airflow/dags/create_student_performance_mart.py
[2026-04-29T05:44:55.526+0000] {processor.py:925} INFO - DAG(s) 'create_student_performance_mart' retrieved from /opt/airflow/dags/create_student_performance_mart.py
[2026-04-29T05:44:55.571+0000] {logging_mixin.py:190} INFO - [2026-04-29T05:44:55.570+0000] {dag.py:3239} INFO - Sync 1 DAGs
[2026-04-29T05:44:55.595+0000] {logging_mixin.py:190} INFO - [2026-04-29T05:44:55.594+0000] {dag.py:4180} INFO - Setting next_dagrun for create_student_performance_mart to None, run_after=None
[2026-04-29T05:44:55.645+0000] {processor.py:208} INFO - Processing /opt/airflow/dags/create_student_performance_mart.py took 0.168 seconds
[2026-04-29T05:45:26.022+0000] {processor.py:186} INFO - Started process (PID=1274) to work on /opt/airflow/dags/create_student_performance_mart.py
[2026-04-29T05:45:26.025+0000] {processor.py:914} INFO - Processing file /opt/airflow/dags/create_student_performance_mart.py for tasks to queue
[2026-04-29T05:45:26.030+0000] {logging_mixin.py:190} INFO - [2026-04-29T05:45:26.030+0000] {dagbag.py:588} INFO - Filling up the DagBag from /opt/airflow/dags/create_student_performance_mart.py
[2026-04-29T05:45:26.058+0000] {processor.py:925} INFO - DAG(s) 'create_student_performance_mart' retrieved from /opt/airflow/dags/create_student_performance_mart.py
[2026-04-29T05:45:26.104+0000] {logging_mixin.py:190} INFO - [2026-04-29T05:45:26.103+0000] {dag.py:3239} INFO - Sync 1 DAGs
[2026-04-29T05:45:26.130+0000] {logging_mixin.py:190} INFO - [2026-04-29T05:45:26.129+0000] {dag.py:4180} INFO - Setting next_dagrun for create_student_performance_mart to None, run_after=None
[2026-04-29T05:45:26.181+0000] {processor.py:208} INFO - Processing /opt/airflow/dags/create_student_performance_mart.py took 0.172 seconds
[2026-04-29T05:45:56.622+0000] {processor.py:186} INFO - Started process (PID=1290) to work on /opt/airflow/dags/create_student_performance_mart.py
[2026-04-29T05:45:56.625+0000] {processor.py:914} INFO - Processing file /opt/airflow/dags/create_student_performance_mart.py for tasks to queue
[2026-04-29T05:45:56.634+0000] {logging_mixin.py:190} INFO - [2026-04-29T05:45:56.632+0000] {dagbag.py:588} INFO - Filling up the DagBag from /opt/airflow/dags/create_student_performance_mart.py
[2026-04-29T05:45:56.671+0000] {processor.py:925} INFO - DAG(s) 'create_student_performance_mart' retrieved from /opt/airflow/dags/create_student_performance_mart.py
[2026-04-29T05:45:56.725+0000] {logging_mixin.py:190} INFO - [2026-04-29T05:45:56.724+0000] {dag.py:3239} INFO - Sync 1 DAGs
[2026-04-29T05:45:56.753+0000] {logging_mixin.py:190} INFO - [2026-04-29T05:45:56.753+0000] {dag.py:4180} INFO - Setting next_dagrun for create_student_performance_mart to None, run_after=None
[2026-04-29T05:45:56.804+0000] {processor.py:208} INFO - Processing /opt/airflow/dags/create_student_performance_mart.py took 0.196 seconds
[2026-04-29T05:46:27.221+0000] {processor.py:186} INFO - Started process (PID=1306) to work on /opt/airflow/dags/create_student_performance_mart.py
[2026-04-29T05:46:27.222+0000] {processor.py:914} INFO - Processing file /opt/airflow/dags/create_student_performance_mart.py for tasks to queue
[2026-04-29T05:46:27.227+0000] {logging_mixin.py:190} INFO - [2026-04-29T05:46:27.226+0000] {dagbag.py:588} INFO - Filling up the DagBag from /opt/airflow/dags/create_student_performance_mart.py
[2026-04-29T05:46:27.259+0000] {processor.py:925} INFO - DAG(s) 'create_student_performance_mart' retrieved from /opt/airflow/dags/create_student_performance_mart.py
[2026-04-29T05:46:27.314+0000] {logging_mixin.py:190} INFO - [2026-04-29T05:46:27.313+0000] {dag.py:3239} INFO - Sync 1 DAGs
[2026-04-29T05:46:27.341+0000] {logging_mixin.py:190} INFO - [2026-04-29T05:46:27.340+0000] {dag.py:4180} INFO - Setting next_dagrun for create_student_performance_mart to None, run_after=None
[2026-04-29T05:46:27.395+0000] {processor.py:208} INFO - Processing /opt/airflow/dags/create_student_performance_mart.py took 0.185 seconds
[2026-04-29T05:46:57.777+0000] {processor.py:186} INFO - Started process (PID=1322) to work on /opt/airflow/dags/create_student_performance_mart.py
[2026-04-29T05:46:57.779+0000] {processor.py:914} INFO - Processing file /opt/airflow/dags/create_student_performance_mart.py for tasks to queue
[2026-04-29T05:46:57.784+0000] {logging_mixin.py:190} INFO - [2026-04-29T05:46:57.783+0000] {dagbag.py:588} INFO - Filling up the DagBag from /opt/airflow/dags/create_student_performance_mart.py
[2026-04-29T05:46:57.821+0000] {processor.py:925} INFO - DAG(s) 'create_student_performance_mart' retrieved from /opt/airflow/dags/create_student_performance_mart.py
[2026-04-29T05:46:57.871+0000] {logging_mixin.py:190} INFO - [2026-04-29T05:46:57.870+0000] {dag.py:3239} INFO - Sync 1 DAGs
[2026-04-29T05:46:57.897+0000] {logging_mixin.py:190} INFO - [2026-04-29T05:46:57.896+0000] {dag.py:4180} INFO - Setting next_dagrun for create_student_performance_mart to None, run_after=None
[2026-04-29T05:46:57.928+0000] {processor.py:208} INFO - Processing /opt/airflow/dags/create_student_performance_mart.py took 0.165 seconds
[2026-04-29T05:47:28.297+0000] {processor.py:186} INFO - Started process (PID=1338) to work on /opt/airflow/dags/create_student_performance_mart.py
[2026-04-29T05:47:28.299+0000] {processor.py:914} INFO - Processing file /opt/airflow/dags/create_student_performance_mart.py for tasks to queue
[2026-04-29T05:47:28.303+0000] {logging_mixin.py:190} INFO - [2026-04-29T05:47:28.303+0000] {dagbag.py:588} INFO - Filling up the DagBag from /opt/airflow/dags/create_student_performance_mart.py
[2026-04-29T05:47:28.334+0000] {processor.py:925} INFO - DAG(s) 'create_student_performance_mart' retrieved from /opt/airflow/dags/create_student_performance_mart.py
[2026-04-29T05:47:28.382+0000] {logging_mixin.py:190} INFO - [2026-04-29T05:47:28.381+0000] {dag.py:3239} INFO - Sync 1 DAGs
[2026-04-29T05:47:28.407+0000] {logging_mixin.py:190} INFO - [2026-04-29T05:47:28.407+0000] {dag.py:4180} INFO - Setting next_dagrun for create_student_performance_mart to None, run_after=None
[2026-04-29T05:47:28.456+0000] {processor.py:208} INFO - Processing /opt/airflow/dags/create_student_performance_mart.py took 0.173 seconds
[2026-04-29T05:47:58.842+0000] {processor.py:186} INFO - Started process (PID=1354) to work on /opt/airflow/dags/create_student_performance_mart.py
[2026-04-29T05:47:58.844+0000] {processor.py:914} INFO - Processing file /opt/airflow/dags/create_student_performance_mart.py for tasks to queue
[2026-04-29T05:47:58.849+0000] {logging_mixin.py:190} INFO - [2026-04-29T05:47:58.849+0000] {dagbag.py:588} INFO - Filling up the DagBag from /opt/airflow/dags/create_student_performance_mart.py
[2026-04-29T05:47:58.878+0000] {processor.py:925} INFO - DAG(s) 'create_student_performance_mart' retrieved from /opt/airflow/dags/create_student_performance_mart.py
[2026-04-29T05:47:58.928+0000] {logging_mixin.py:190} INFO - [2026-04-29T05:47:58.928+0000] {dag.py:3239} INFO - Sync 1 DAGs
[2026-04-29T05:47:58.954+0000] {logging_mixin.py:190} INFO - [2026-04-29T05:47:58.953+0000] {dag.py:4180} INFO - Setting next_dagrun for create_student_performance_mart to None, run_after=None
[2026-04-29T05:47:58.985+0000] {processor.py:208} INFO - Processing /opt/airflow/dags/create_student_performance_mart.py took 0.153 seconds
